<?xml version="1.0" encoding="UTF-8"?>
<!-- Generated by org.testng.reporters.JUnitXMLReporter -->
<testsuite hostname="LONR903CGPW" name="Default test" tests="3" failures="0" timestamp="22 Feb 2017 11:29:19 GMT" time="36.13" errors="0">
  <testcase name="testAutoSuggest" time="5.207" classname="com.tests.hcom.AutoSuggestTest"/>
  <testcase name="testSearchResultsPage" time="0.204" classname="com.tests.hcom.AutoSuggestTest"/>
  <testcase name="testLogin" time="6.609" classname="com.tests.hcom.AutoSuggestTest"/>
</testsuite> <!-- Default test -->
