<?xml version="1.0" encoding="UTF-8"?>
<!-- Generated by org.testng.reporters.JUnitXMLReporter -->
<testsuite hostname="LONR903CGPW" name="Command line test" tests="3" failures="0" timestamp="24 Feb 2017 10:34:08 GMT" time="103.025" errors="0">
  <testcase name="testAutoSuggest" time="13.1" classname="com.tests.hcom.AutoSuggestTest"/>
  <testcase name="testSearchResultsPage" time="0.824" classname="com.tests.hcom.AutoSuggestTest"/>
  <testcase name="testLogin" time="19.653" classname="com.tests.hcom.AutoSuggestTest"/>
</testsuite> <!-- Command line test -->
