<?xml version="1.0" encoding="UTF-8"?>
<testng-results skipped="0" failed="0" total="3" passed="3">
  <reporter-output>
  </reporter-output>
  <suite name="Default suite" duration-ms="36130" started-at="2017-02-22T11:28:43Z" finished-at="2017-02-22T11:29:19Z">
    <groups>
    </groups>
    <test name="Default test" duration-ms="36130" started-at="2017-02-22T11:28:43Z" finished-at="2017-02-22T11:29:19Z">
      <class name="com.tests.hcom.AutoSuggestTest">
        <test-method status="PASS" signature="start()[pri:0, instance:com.tests.hcom.AutoSuggestTest@78c03f1f]" name="start" is-config="true" duration-ms="14399" started-at="2017-02-22T11:28:43Z" finished-at="2017-02-22T11:28:57Z">
          <reporter-output>
          </reporter-output>
        </test-method> <!-- start -->
        <test-method status="PASS" signature="testAutoSuggest()[pri:0, instance:com.tests.hcom.AutoSuggestTest@78c03f1f]" name="testAutoSuggest" duration-ms="5207" started-at="2017-02-22T11:28:57Z" finished-at="2017-02-22T11:29:03Z">
          <reporter-output>
          </reporter-output>
        </test-method> <!-- testAutoSuggest -->
        <test-method status="PASS" signature="testSearchResultsPage()[pri:0, instance:com.tests.hcom.AutoSuggestTest@78c03f1f]" name="testSearchResultsPage" duration-ms="204" started-at="2017-02-22T11:29:03Z" finished-at="2017-02-22T11:29:03Z">
          <reporter-output>
          </reporter-output>
        </test-method> <!-- testSearchResultsPage -->
        <test-method status="PASS" signature="testLogin()[pri:0, instance:com.tests.hcom.AutoSuggestTest@78c03f1f]" name="testLogin" duration-ms="6609" started-at="2017-02-22T11:29:03Z" finished-at="2017-02-22T11:29:10Z">
          <reporter-output>
          </reporter-output>
        </test-method> <!-- testLogin -->
        <test-method status="PASS" signature="teardown()[pri:0, instance:com.tests.hcom.AutoSuggestTest@78c03f1f]" name="teardown" is-config="true" duration-ms="9684" started-at="2017-02-22T11:29:10Z" finished-at="2017-02-22T11:29:19Z">
          <reporter-output>
          </reporter-output>
        </test-method> <!-- teardown -->
      </class> <!-- com.tests.hcom.AutoSuggestTest -->
    </test> <!-- Default test -->
  </suite> <!-- Default suite -->
</testng-results>
