<?xml version="1.0" encoding="UTF-8"?>
<testng-results skipped="3" failed="0" total="3" passed="0">
  <reporter-output>
  </reporter-output>
  <suite name="Suite" duration-ms="27" started-at="2017-02-22T11:37:46Z" finished-at="2017-02-22T11:37:46Z">
    <groups>
    </groups>
    <test name="Test" duration-ms="27" started-at="2017-02-22T11:37:46Z" finished-at="2017-02-22T11:37:46Z">
      <class name="com.tests.hcom.AutoSuggestTest">
        <test-method status="FAIL" signature="start()[pri:0, instance:com.tests.hcom.AutoSuggestTest@6c629d6e]" name="start" is-config="true" duration-ms="0" started-at="2017-02-22T11:37:46Z" finished-at="2017-02-22T11:37:46Z">
          <exception class="java.lang.NoClassDefFoundError">
            <message>
              <![CDATA[com/google/common/base/Function]]>
            </message>
            <full-stacktrace>
              <![CDATA[java.lang.NoClassDefFoundError: com/google/common/base/Function
	at com.tests.hcom.AutoSuggestTest.start(Unknown Source)
	at sun.reflect.NativeMethodAccessorImpl.invoke0(Native Method)
	at sun.reflect.NativeMethodAccessorImpl.invoke(Unknown Source)
	at sun.reflect.DelegatingMethodAccessorImpl.invoke(Unknown Source)
	at java.lang.reflect.Method.invoke(Unknown Source)
	at org.testng.internal.MethodInvocationHelper.invokeMethod(MethodInvocationHelper.java:85)
	at org.testng.internal.Invoker.invokeConfigurationMethod(Invoker.java:517)
	at org.testng.internal.Invoker.invokeConfigurations(Invoker.java:213)
	at org.testng.internal.Invoker.invokeConfigurations(Invoker.java:140)
	at org.testng.TestRunner.beforeRun(TestRunner.java:645)
	at org.testng.TestRunner.run(TestRunner.java:613)
	at org.testng.SuiteRunner.runTest(SuiteRunner.java:357)
	at org.testng.SuiteRunner.runSequentially(SuiteRunner.java:352)
	at org.testng.SuiteRunner.privateRun(SuiteRunner.java:310)
	at org.testng.SuiteRunner.run(SuiteRunner.java:259)
	at org.testng.SuiteRunnerWorker.runSuite(SuiteRunnerWorker.java:52)
	at org.testng.SuiteRunnerWorker.run(SuiteRunnerWorker.java:86)
	at org.testng.TestNG.runSuitesSequentially(TestNG.java:1199)
	at org.testng.TestNG.runSuitesLocally(TestNG.java:1124)
	at org.testng.TestNG.run(TestNG.java:1032)
	at org.testng.TestNG.privateMain(TestNG.java:1339)
	at org.testng.TestNG.main(TestNG.java:1308)
Caused by: java.lang.ClassNotFoundException: com.google.common.base.Function
	at java.net.URLClassLoader.findClass(Unknown Source)
	at java.lang.ClassLoader.loadClass(Unknown Source)
	at sun.misc.Launcher$AppClassLoader.loadClass(Unknown Source)
	at java.lang.ClassLoader.loadClass(Unknown Source)
	... 22 more
]]>
            </full-stacktrace>
          </exception> <!-- java.lang.NoClassDefFoundError -->
          <reporter-output>
          </reporter-output>
        </test-method> <!-- start -->
        <test-method status="SKIP" signature="testAutoSuggest()[pri:0, instance:com.tests.hcom.AutoSuggestTest@6c629d6e]" name="testAutoSuggest" duration-ms="0" started-at="2017-02-22T11:37:46Z" finished-at="2017-02-22T11:37:46Z">
          <reporter-output>
          </reporter-output>
        </test-method> <!-- testAutoSuggest -->
        <test-method status="SKIP" signature="testSearchResultsPage()[pri:0, instance:com.tests.hcom.AutoSuggestTest@6c629d6e]" name="testSearchResultsPage" duration-ms="0" started-at="2017-02-22T11:37:46Z" finished-at="2017-02-22T11:37:46Z">
          <reporter-output>
          </reporter-output>
        </test-method> <!-- testSearchResultsPage -->
        <test-method status="SKIP" signature="testLogin()[pri:0, instance:com.tests.hcom.AutoSuggestTest@6c629d6e]" name="testLogin" duration-ms="0" started-at="2017-02-22T11:37:46Z" finished-at="2017-02-22T11:37:46Z">
          <reporter-output>
          </reporter-output>
        </test-method> <!-- testLogin -->
        <test-method status="SKIP" signature="teardown()[pri:0, instance:com.tests.hcom.AutoSuggestTest@6c629d6e]" name="teardown" is-config="true" duration-ms="0" started-at="2017-02-22T11:37:46Z" finished-at="2017-02-22T11:37:46Z">
          <reporter-output>
          </reporter-output>
        </test-method> <!-- teardown -->
      </class> <!-- com.tests.hcom.AutoSuggestTest -->
    </test> <!-- Test -->
  </suite> <!-- Suite -->
</testng-results>
